INFO - Step 1: Preprocessing images...
INFO - Added 0 images from directory: ./dataset
INFO - Added 0 images from directory: ./dataset\train
INFO - Processing image: ./dataset\train\Bridge_Pose_or_Setu_Bandha_Sarvangasana__images\Bridge_Pose_or_Setu_Bandha_Sarvangasana__images_0.jpg
INFO - Processing image: ./dataset\train\Bridge_Pose_or_Setu_Bandha_Sarvangasana__images\Bridge_Pose_or_Setu_Bandha_Sarvangasana__images_1.jpg
INFO - Processing image: ./dataset\train\Bridge_Pose_or_Setu_Bandha_Sarvangasana__images\Bridge_Pose_or_Setu_Bandha_Sarvangasana__images_2.jpg
INFO - Added 3 images from directory: ./dataset\train\Bridge_Pose_or_Setu_Bandha_Sarvangasana__images
INFO - Processing image: ./dataset\train\Cobra_Pose_or_Bhujangasana__images\Cobra_Pose_or_Bhujangasana__images_0.jpg
INFO - Processing image: ./dataset\train\Cobra_Pose_or_Bhujangasana__images\Cobra_Pose_or_Bhujangasana__images_1.jpg
INFO - Processing image: ./dataset\train\Cobra_Pose_or_Bhujangasana__images\Cobra_Pose_or_Bhujangasana__images_2.jpg
INFO - Processing image: ./dataset\train\Cobra_Pose_or_Bhujangasana__images\Cobra_Pose_or_Bhujangasana__images_3.jpg
INFO - Processing image: ./dataset\train\Cobra_Pose_or_Bhujangasana__images\Cobra_Pose_or_Bhujangasana__images_4.jpg
INFO - Processing image: ./dataset\train\Cobra_Pose_or_Bhujangasana__images\Cobra_Pose_or_Bhujangasana__images_5.jpg
INFO - Processing image: ./dataset\train\Cobra_Pose_or_Bhujangasana__images\Cobra_Pose_or_Bhujangasana__images_6.jpg
INFO - Added 7 images from directory: ./dataset\train\Cobra_Pose_or_Bhujangasana__images
INFO - Processing image: ./dataset\train\Seated_Forward_Bend_pose_or_Paschimottanasana__images\Seated_Forward_Bend_pose_or_Paschimottanasana__images_0.jpg
INFO - Processing image: ./dataset\train\Seated_Forward_Bend_pose_or_Paschimottanasana__images\Seated_Forward_Bend_pose_or_Paschimottanasana__images_1.jpg
INFO - Processing image: ./dataset\train\Seated_Forward_Bend_pose_or_Paschimottanasana__images\Seated_Forward_Bend_pose_or_Paschimottanasana__images_2.jpg
INFO - Processing image: ./dataset\train\Seated_Forward_Bend_pose_or_Paschimottanasana__images\Seated_Forward_Bend_pose_or_Paschimottanasana__images_3.jpg
INFO - Processing image: ./dataset\train\Seated_Forward_Bend_pose_or_Paschimottanasana__images\Seated_Forward_Bend_pose_or_Paschimottanasana__images_4.jpg
INFO - Processing image: ./dataset\train\Seated_Forward_Bend_pose_or_Paschimottanasana__images\Seated_Forward_Bend_pose_or_Paschimottanasana__images_5.jpg
INFO - Added 6 images from directory: ./dataset\train\Seated_Forward_Bend_pose_or_Paschimottanasana__images
INFO - Processing image: ./dataset\train\Tree_Pose_or_Vrksasana__images\Tree_Pose_or_Vrksasana__images_0.jpg
INFO - Processing image: ./dataset\train\Tree_Pose_or_Vrksasana__images\Tree_Pose_or_Vrksasana__images_1.jpg
INFO - Processing image: ./dataset\train\Tree_Pose_or_Vrksasana__images\Tree_Pose_or_Vrksasana__images_2.jpg
INFO - Processing image: ./dataset\train\Tree_Pose_or_Vrksasana__images\Tree_Pose_or_Vrksasana__images_3.jpg
INFO - Processing image: ./dataset\train\Tree_Pose_or_Vrksasana__images\Tree_Pose_or_Vrksasana__images_4.jpg
INFO - Added 5 images from directory: ./dataset\train\Tree_Pose_or_Vrksasana__images
INFO - Processing image: ./dataset\train\Warrior_I_Pose_or_Virabhadrasana_I__images\Warrior_I_Pose_or_Virabhadrasana_I__images_0.jpg
INFO - Processing image: ./dataset\train\Warrior_I_Pose_or_Virabhadrasana_I__images\Warrior_I_Pose_or_Virabhadrasana_I__images_1.jpg
INFO - Processing image: ./dataset\train\Warrior_I_Pose_or_Virabhadrasana_I__images\Warrior_I_Pose_or_Virabhadrasana_I__images_2.jpg
INFO - Processing image: ./dataset\train\Warrior_I_Pose_or_Virabhadrasana_I__images\Warrior_I_Pose_or_Virabhadrasana_I__images_3.jpg
INFO - Processing image: ./dataset\train\Warrior_I_Pose_or_Virabhadrasana_I__images\Warrior_I_Pose_or_Virabhadrasana_I__images_4.jpg
INFO - Added 5 images from directory: ./dataset\train\Warrior_I_Pose_or_Virabhadrasana_I__images
INFO - Dataset resized and normalized
INFO - Image preprocessing completed.
INFO - ----------------------------------------------------------------------------------------------------
INFO - Step 2: Extracting keypoints...
INFO - Extracting keypoints for Bridge_Pose_or_Setu_Bandha_Sarvangasana__images_0.jpg
INFO - Image 1: Mean Visibility = 0.51
INFO - Annotated image saved to ./Final_results/annotated\Bridge_Pose_or_Setu_Bandha_Sarvangasana__images_0.jpg
INFO - Keypoints extracted for Bridge_Pose_or_Setu_Bandha_Sarvangasana__images_0.jpg
INFO - Extracting keypoints for Bridge_Pose_or_Setu_Bandha_Sarvangasana__images_1.jpg
INFO - Image 2: Mean Visibility = 0.55
INFO - Annotated image saved to ./Final_results/annotated\Bridge_Pose_or_Setu_Bandha_Sarvangasana__images_1.jpg
INFO - Keypoints extracted for Bridge_Pose_or_Setu_Bandha_Sarvangasana__images_1.jpg
INFO - Extracting keypoints for Bridge_Pose_or_Setu_Bandha_Sarvangasana__images_2.jpg
INFO - Image 3: Mean Visibility = 0.84
INFO - Annotated image saved to ./Final_results/annotated\Bridge_Pose_or_Setu_Bandha_Sarvangasana__images_2.jpg
INFO - Keypoints extracted for Bridge_Pose_or_Setu_Bandha_Sarvangasana__images_2.jpg
INFO - Extracting keypoints for Cobra_Pose_or_Bhujangasana__images_0.jpg
INFO - Image 4: Mean Visibility = 0.43
INFO - Annotated image saved to ./Final_results/annotated\Cobra_Pose_or_Bhujangasana__images_0.jpg
INFO - Keypoints extracted for Cobra_Pose_or_Bhujangasana__images_0.jpg
INFO - Extracting keypoints for Cobra_Pose_or_Bhujangasana__images_1.jpg
INFO - Image 5: Mean Visibility = 0.87
INFO - Annotated image saved to ./Final_results/annotated\Cobra_Pose_or_Bhujangasana__images_1.jpg
INFO - Keypoints extracted for Cobra_Pose_or_Bhujangasana__images_1.jpg
INFO - Extracting keypoints for Cobra_Pose_or_Bhujangasana__images_2.jpg
INFO - Keypoints extracted for Cobra_Pose_or_Bhujangasana__images_2.jpg
INFO - Extracting keypoints for Cobra_Pose_or_Bhujangasana__images_3.jpg
INFO - Image 6: Mean Visibility = 0.80
INFO - Annotated image saved to ./Final_results/annotated\Cobra_Pose_or_Bhujangasana__images_3.jpg
INFO - Keypoints extracted for Cobra_Pose_or_Bhujangasana__images_3.jpg
INFO - Extracting keypoints for Cobra_Pose_or_Bhujangasana__images_4.jpg
INFO - Keypoints extracted for Cobra_Pose_or_Bhujangasana__images_4.jpg
INFO - Extracting keypoints for Cobra_Pose_or_Bhujangasana__images_5.jpg
INFO - Image 7: Mean Visibility = 0.47
INFO - Annotated image saved to ./Final_results/annotated\Cobra_Pose_or_Bhujangasana__images_5.jpg
INFO - Keypoints extracted for Cobra_Pose_or_Bhujangasana__images_5.jpg
INFO - Extracting keypoints for Cobra_Pose_or_Bhujangasana__images_6.jpg
INFO - Keypoints extracted for Cobra_Pose_or_Bhujangasana__images_6.jpg
INFO - Extracting keypoints for Seated_Forward_Bend_pose_or_Paschimottanasana__images_0.jpg
INFO - Image 8: Mean Visibility = 0.88
INFO - Annotated image saved to ./Final_results/annotated\Seated_Forward_Bend_pose_or_Paschimottanasana__images_0.jpg
INFO - Keypoints extracted for Seated_Forward_Bend_pose_or_Paschimottanasana__images_0.jpg
INFO - Extracting keypoints for Seated_Forward_Bend_pose_or_Paschimottanasana__images_1.jpg
INFO - Image 9: Mean Visibility = 0.69
INFO - Annotated image saved to ./Final_results/annotated\Seated_Forward_Bend_pose_or_Paschimottanasana__images_1.jpg
INFO - Keypoints extracted for Seated_Forward_Bend_pose_or_Paschimottanasana__images_1.jpg
INFO - Extracting keypoints for Seated_Forward_Bend_pose_or_Paschimottanasana__images_2.jpg
INFO - Image 10: Mean Visibility = 0.80
INFO - Annotated image saved to ./Final_results/annotated\Seated_Forward_Bend_pose_or_Paschimottanasana__images_2.jpg
INFO - Keypoints extracted for Seated_Forward_Bend_pose_or_Paschimottanasana__images_2.jpg
INFO - Extracting keypoints for Seated_Forward_Bend_pose_or_Paschimottanasana__images_3.jpg
INFO - Image 11: Mean Visibility = 0.77
INFO - Annotated image saved to ./Final_results/annotated\Seated_Forward_Bend_pose_or_Paschimottanasana__images_3.jpg
INFO - Keypoints extracted for Seated_Forward_Bend_pose_or_Paschimottanasana__images_3.jpg
INFO - Extracting keypoints for Seated_Forward_Bend_pose_or_Paschimottanasana__images_4.jpg
INFO - Image 12: Mean Visibility = 0.81
INFO - Annotated image saved to ./Final_results/annotated\Seated_Forward_Bend_pose_or_Paschimottanasana__images_4.jpg
INFO - Keypoints extracted for Seated_Forward_Bend_pose_or_Paschimottanasana__images_4.jpg
INFO - Extracting keypoints for Seated_Forward_Bend_pose_or_Paschimottanasana__images_5.jpg
INFO - Image 13: Mean Visibility = 0.84
INFO - Annotated image saved to ./Final_results/annotated\Seated_Forward_Bend_pose_or_Paschimottanasana__images_5.jpg
INFO - Keypoints extracted for Seated_Forward_Bend_pose_or_Paschimottanasana__images_5.jpg
INFO - Extracting keypoints for Tree_Pose_or_Vrksasana__images_0.jpg
INFO - Image 14: Mean Visibility = 0.88
INFO - Annotated image saved to ./Final_results/annotated\Tree_Pose_or_Vrksasana__images_0.jpg
INFO - Keypoints extracted for Tree_Pose_or_Vrksasana__images_0.jpg
INFO - Extracting keypoints for Tree_Pose_or_Vrksasana__images_1.jpg
INFO - Image 15: Mean Visibility = 0.69
INFO - Annotated image saved to ./Final_results/annotated\Tree_Pose_or_Vrksasana__images_1.jpg
INFO - Keypoints extracted for Tree_Pose_or_Vrksasana__images_1.jpg
INFO - Extracting keypoints for Tree_Pose_or_Vrksasana__images_2.jpg
INFO - Image 16: Mean Visibility = 0.72
INFO - Annotated image saved to ./Final_results/annotated\Tree_Pose_or_Vrksasana__images_2.jpg
INFO - Keypoints extracted for Tree_Pose_or_Vrksasana__images_2.jpg
INFO - Extracting keypoints for Tree_Pose_or_Vrksasana__images_3.jpg
INFO - Image 17: Mean Visibility = 0.73
INFO - Annotated image saved to ./Final_results/annotated\Tree_Pose_or_Vrksasana__images_3.jpg
INFO - Keypoints extracted for Tree_Pose_or_Vrksasana__images_3.jpg
INFO - Extracting keypoints for Tree_Pose_or_Vrksasana__images_4.jpg
INFO - Image 18: Mean Visibility = 0.87
INFO - Annotated image saved to ./Final_results/annotated\Tree_Pose_or_Vrksasana__images_4.jpg
INFO - Keypoints extracted for Tree_Pose_or_Vrksasana__images_4.jpg
INFO - Extracting keypoints for Warrior_I_Pose_or_Virabhadrasana_I__images_0.jpg
INFO - Image 19: Mean Visibility = 0.88
INFO - Annotated image saved to ./Final_results/annotated\Warrior_I_Pose_or_Virabhadrasana_I__images_0.jpg
INFO - Keypoints extracted for Warrior_I_Pose_or_Virabhadrasana_I__images_0.jpg
INFO - Extracting keypoints for Warrior_I_Pose_or_Virabhadrasana_I__images_1.jpg
INFO - Image 20: Mean Visibility = 0.97
INFO - Annotated image saved to ./Final_results/annotated\Warrior_I_Pose_or_Virabhadrasana_I__images_1.jpg
INFO - Keypoints extracted for Warrior_I_Pose_or_Virabhadrasana_I__images_1.jpg
INFO - Extracting keypoints for Warrior_I_Pose_or_Virabhadrasana_I__images_2.jpg
INFO - Image 21: Mean Visibility = 0.98
INFO - Annotated image saved to ./Final_results/annotated\Warrior_I_Pose_or_Virabhadrasana_I__images_2.jpg
INFO - Keypoints extracted for Warrior_I_Pose_or_Virabhadrasana_I__images_2.jpg
INFO - Extracting keypoints for Warrior_I_Pose_or_Virabhadrasana_I__images_3.jpg
INFO - Image 22: Mean Visibility = 0.97
INFO - Annotated image saved to ./Final_results/annotated\Warrior_I_Pose_or_Virabhadrasana_I__images_3.jpg
INFO - Keypoints extracted for Warrior_I_Pose_or_Virabhadrasana_I__images_3.jpg
INFO - Extracting keypoints for Warrior_I_Pose_or_Virabhadrasana_I__images_4.jpg
INFO - Image 23: Mean Visibility = 0.87
INFO - Annotated image saved to ./Final_results/annotated\Warrior_I_Pose_or_Virabhadrasana_I__images_4.jpg
INFO - Keypoints extracted for Warrior_I_Pose_or_Virabhadrasana_I__images_4.jpg
INFO - All keypoints extracted and mean visibility calculated.
INFO - Total keypoints extracted: 23
INFO - Keypoints: [([0.2537541389465332, 0.6078914999961853, -0.17477554082870483, 0.8985949158668518, 0.25640878081321716, 0.5957140922546387, -0.19435417652130127, 0.9203044176101685, 0.25524330139160156, 0.5920342803001404, -0.19442705810070038, 0.9289066791534424, 0.25396522879600525, 0.5883945822715759, -0.19445231556892395, 0.9182390570640564, 0.2577633857727051, 0.6034935712814331, -0.20318686962127686, 0.9356576800346375, 0.25774431228637695, 0.6053480505943298, -0.2033083587884903, 0.9413408041000366, 0.25774648785591125, 0.6073537468910217, -0.20345227420330048, 0.9320105910301208, 0.24262651801109314, 0.5790215730667114, -0.21962979435920715, 0.9592506885528564, 0.2471604347229004, 0.6065986156463623, -0.2603607475757599, 0.9658543467521667, 0.243573397397995, 0.6052894592285156, -0.17534559965133667, 0.9693499207496643, 0.24574124813079834, 0.6132206916809082, -0.18721126019954681, 0.9735314249992371, 0.20334084331989288, 0.5670717358589172, -0.21363654732704163, 0.9738398790359497, 0.2001444697380066, 0.625806450843811, -0.22235733270645142, 0.9777823686599731, 0.23709510266780853, 0.519649088382721, -0.1769946962594986, 0.19061638414859772, 0.1972210854291916, 0.5950188040733337, -0.2714191675186157, 0.21991375088691711, 0.25181788206100464, 0.4943380057811737, -0.18857915699481964, 0.11255141347646713, 0.20156480371952057, 0.5406280755996704, -0.3308270275592804, 0.22783753275871277, 0.2817162573337555, 0.4895571172237396, -0.21452319622039795, 0.17277564108371735, 0.20642881095409393, 0.5241577625274658, -0.36191627383232117, 0.27339428663253784, 0.27754828333854675, 0.4965740144252777, -0.21658918261528015, 0.1957564502954483, 0.20241348445415497, 0.5189496874809265, -0.3652566373348236, 0.29058837890625, 0.2730123996734619, 0.506044328212738, -0.19152332842350006, 0.14006581902503967, 0.20131784677505493, 0.5256146788597107, -0.3367305099964142, 0.26584339141845703, 0.08190864324569702, 0.70413738489151, 0.031236864626407623, 0.970367431640625, 0.08396676182746887, 0.7346686124801636, -0.031377606093883514, 0.9826512932777405, 0.07894764095544815, 0.7051646113395691, 0.2437419444322586, 0.010026919655501842, 0.09086470305919647, 0.7232217788696289, 0.2040596604347229, 0.05380242317914963, 0.08190786093473434, 0.7314936518669128, 0.5027217864990234, 0.018679331988096237, 0.0845276415348053, 0.7404887080192566, 0.4470447897911072, 0.0897814929485321, 0.08278542757034302, 0.7356873750686646, 0.5286335349082947, 0.04283687472343445, 0.07913720607757568, 0.73750239610672, 0.47166702151298523, 0.18809665739536285, 0.08614452183246613, 0.7430793046951294, 0.5143993496894836, 0.011541709303855896, 0.0937800481915474, 0.7388914227485657, 0.4525940418243408, 0.04321109130978584], 'Bridge_Pose_or_Setu_Bandha_Sarvangasana__images_0.jpg'), ([0.6580109000205994, 0.6085731983184814, 0.5107980966567993, 0.9721020460128784, 0.6657217741012573, 0.6020373106002808, 0.5077303647994995, 0.9691663980484009, 0.664233922958374, 0.5976746678352356, 0.5077094435691833, 0.9558799862861633, 0.6631901264190674, 0.5950368046760559, 0.5075917840003967, 0.962805449962616, 0.6700936555862427, 0.603193998336792, 0.4716775417327881, 0.9822568297386169, 0.6721267104148865, 0.602459192276001, 0.47167909145355225, 0.977101743221283, 0.6767514944076538, 0.5998262763023376, 0.47116735577583313, 0.9822472929954529, 0.6448016166687012, 0.5726197957992554, 0.4492975175380707, 0.9393468499183655, 0.6770577430725098, 0.595528244972229, 0.28719720244407654, 0.9743874669075012, 0.6426793932914734, 0.6061196327209473, 0.48813700675964355, 0.939120888710022, 0.6486320495605469, 0.6053364276885986, 0.4410305917263031, 0.9518023133277893, 0.5330562591552734, 0.5790392160415649, 0.4040262699127197, 0.9843320846557617, 0.6439144611358643, 0.5789114832878113, 0.028118165209889412, 0.9997009038925171, 0.48373308777809143, 0.699821949005127, 0.4134666323661804, 0.018455663695931435, 0.6548495292663574, 0.708670973777771, -0.05664084106683731, 0.7183377742767334, 0.480232834815979, 0.8240518569946289, 0.3253408372402191, 0.035314589738845825, 0.6225780248641968, 0.8039760589599609, 0.04684104397892952, 0.3678321838378906, 0.4714505970478058, 0.8546541929244995, 0.3175140619277954, 0.04804222285747528, 0.6349529027938843, 0.8661447167396545, 0.06634534895420074, 0.31959888339042664, 0.4833674728870392, 0.8587286472320557, 0.30320510268211365, 0.047605521976947784, 0.6331109404563904, 0.840888500213623, 0.06043096259236336, 0.3133111894130707, 0.4884320795536041, 0.8481703996658325, 0.3123011887073517, 0.05131741240620613, 0.6208240985870361, 0.830912709236145, 0.05064785107970238, 0.32198697328567505, 0.29315733909606934, 0.6858099699020386, 0.12032677233219147, 0.9995443224906921, 0.35570332407951355, 0.690401017665863, -0.12150055170059204, 0.9997856020927429, 0.29574528336524963, 0.8425626158714294, 0.28390446305274963, 0.24117088317871094, 0.3044203519821167, 0.8494116067886353, -0.19488202035427094, 0.61674964427948, 0.43731480836868286, 0.8226448893547058, 0.18691176176071167, 0.09767510741949081, 0.413016140460968, 0.8047592639923096, 0.05194585770368576, 0.04152693226933479, 0.44637635350227356, 0.8134720325469971, 0.18471907079219818, 0.1653110831975937, 0.4278605878353119, 0.7820956707000732, 0.09913258254528046, 0.08186927437782288, 0.49043381214141846, 0.8345171809196472, 0.270258367061615, 0.11211944371461868, 0.4316340386867523, 0.8354739546775818, 0.25190025568008423, 0.031152190640568733], 'Bridge_Pose_or_Setu_Bandha_Sarvangasana__images_1.jpg'), ([0.6788549423217773, 0.3964340090751648, -0.06501012295484543, 0.99998939037323, 0.6868569850921631, 0.377734899520874, -0.05510164797306061, 0.999996542930603, 0.6860743165016174, 0.37445956468582153, -0.05517793819308281, 0.9999935626983643, 0.6853739023208618, 0.3711193799972534, -0.055381692945957184, 0.9999954700469971, 0.6854722499847412, 0.3815745711326599, -0.10525314509868622, 0.9999983310699463, 0.6837375164031982, 0.38140392303466797, -0.10533633828163147, 0.9999973773956299, 0.6820048093795776, 0.3811299204826355, -0.10543693602085114, 0.9999979734420776, 0.6654818654060364, 0.355876088142395, 0.029354015365242958, 0.9999936819076538, 0.6632330417633057, 0.37077662348747253, -0.19691267609596252, 0.9999943971633911, 0.659508228302002, 0.39444082975387573, -0.02475724183022976, 0.9999679327011108, 0.6564439535140991, 0.39837247133255005, -0.09123475849628448, 0.9999847412109375, 0.558077335357666, 0.34302854537963867, 0.19975270330905914, 0.9995324611663818, 0.5780084133148193, 0.43806809186935425, -0.3006844222545624, 0.9997530579566956, 0.5310889482498169, 0.3361794352531433, 0.5739697217941284, 0.2014761120080948, 0.6113507151603699, 0.5996085405349731, -0.3808797597885132, 0.9622446298599243, 0.5558432340621948, 0.3549683094024658, 0.9121098518371582, 0.09987252205610275, 0.6327347159385681, 0.7366695404052734, -0.3185270130634308, 0.8875016570091248, 0.5583298206329346, 0.36230459809303284, 1.0047850608825684, 0.10589087009429932, 0.6448332667350769, 0.7749618291854858, -0.3472517132759094, 0.8339479565620422, 0.5678434371948242, 0.35381415486335754, 0.9486239552497864, 0.10082217305898666, 0.6555527448654175, 0.7713293433189392, -0.31184741854667664, 0.8324599862098694, 0.5567989349365234, 0.37204498052597046, 0.9051486253738403, 0.10173188894987106, 0.6465224623680115, 0.7591224312782288, -0.29801422357559204, 0.7425413131713867, 0.35234928131103516, 0.5040505528450012, 0.16404958069324493, 0.9999727010726929, 0.3920830190181732, 0.5227023363113403, -0.1643189936876297, 0.9997604489326477, 0.3652207553386688, 0.6916683316230774, 0.146327406167984, 0.9829803705215454, 0.6137360334396362, 0.6396079063415527, -0.06841927021741867, 0.8953601717948914, 0.17693765461444855, 0.6883907318115234, 0.20195353031158447, 0.9896765351295471, 0.8575056791305542, 0.7361544370651245, -0.06760085374116898, 0.9873627424240112, 0.1520809829235077, 0.6645297408103943, 0.20882652699947357, 0.9931801557540894, 0.8691016435623169, 0.7569596767425537, -0.0684238076210022, 0.9771695733070374, 0.10780759155750275, 0.690839409828186, 0.1436246931552887, 0.9863709807395935, 0.9381678104400635, 0.6978266835212708, -0.1500597596168518, 0.9872898459434509], 'Bridge_Pose_or_Setu_Bandha_Sarvangasana__images_2.jpg'), ([0.9461519718170166, 0.254494309425354, 0.5813419222831726, 0.5463855862617493, 0.951184868812561, 0.22505897283554077, 0.5823749303817749, 0.3697054088115692, 0.9560758471488953, 0.2246938943862915, 0.5818977952003479, 0.3490963578224182, 0.9592902660369873, 0.22990894317626953, 0.5810964107513428, 0.37175700068473816, 0.9361022710800171, 0.22145819664001465, 0.595259428024292, 0.4539874792098999, 0.9324912428855896, 0.22034984827041626, 0.5953101515769958, 0.4473409950733185, 0.9290024638175964, 0.2180401086807251, 0.5943390727043152, 0.4832882881164551, 0.9578257203102112, 0.2378251552581787, 0.5696775913238525, 0.4652406871318817, 0.9314897060394287, 0.23300409317016602, 0.631163477897644, 0.5226126313209534, 0.954860508441925, 0.2819504737854004, 0.5764828324317932, 0.5998209118843079, 0.9398787617683411, 0.2695322632789612, 0.5947383642196655, 0.5752774477005005, 1.0743528604507446, 0.34378868341445923, 0.3931749165058136, 0.9747025370597839, 0.8957119584083557, 0.2988434433937073, 0.532339870929718, 0.9870511293411255, 1.1053669452667236, 0.5044229626655579, 0.4436163604259491, 0.23368671536445618, 0.8267292380332947, 0.390765905380249, 0.6196765899658203, 0.3882930278778076, 1.0504403114318848, 0.5093396902084351, 0.552722156047821, 0.08357487618923187, 0.905908465385437, 0.3522687554359436, 0.7715094089508057, 0.09692428261041641, 1.0273088216781616, 0.5333625078201294, 0.5606598854064941, 0.09866926074028015, 0.8918718099594116, 0.38148993253707886, 0.8288534283638, 0.10160650312900543, 1.030704379081726, 0.49157869815826416, 0.5966697335243225, 0.10055676102638245, 0.8961412310600281, 0.3554743528366089, 0.8313705325126648, 0.10059268772602081, 1.036539077758789, 0.4795297384262085, 0.5708936452865601, 0.09658513218164444, 0.898924708366394, 0.34793347120285034, 0.7756953835487366, 0.11034652590751648, 0.912278413772583, 0.7775586843490601, -0.005031037610024214, 0.9959028363227844, 0.7895916104316711, 0.7256389856338501, 0.004180863965302706, 0.9977409839630127, 0.6245688199996948, 0.9737942218780518, 0.05006854236125946, 0.6103022694587708, 0.4077616035938263, 0.8383299112319946, 0.20576660335063934, 0.7042384147644043, 0.29479408264160156, 0.8085256218910217, 0.6961765885353088, 0.23592282831668854, 0.14141207933425903, 0.8242154121398926, 0.595257580280304, 0.5820494890213013, 0.2650735378265381, 0.7445751428604126, 0.7674185037612915, 0.20695582032203674, 0.17310619354248047, 0.7900397181510925, 0.6385509371757507, 0.6968158483505249, 0.14695435762405396, 0.8918942809104919, 0.7706171870231628, 0.15103621780872345, 0.010936200618743896, 0.8228459358215332, 0.5643107295036316, 0.5056226253509521], 'Cobra_Pose_or_Bhujangasana__images_0.jpg'), ([0.7614513635635376, 0.5357011556625366, -0.07338982075452805, 0.9982299208641052, 0.7838927507400513, 0.5293424725532532, -0.06904657185077667, 0.9984513521194458, 0.7864722013473511, 0.5253665447235107, -0.06925434619188309, 0.9986220598220825, 0.7888065576553345, 0.521482527256012, -0.06956242024898529, 0.9988241791725159, 0.7774187326431274, 0.5344828963279724, -0.13062922656536102, 0.9982923865318298, 0.7753183841705322, 0.5344012379646301, -0.13056816160678864, 0.9982988238334656, 0.773323118686676, 0.5343422293663025, -0.13063015043735504, 0.9985252022743225, 0.7848392724990845, 0.49437442421913147, -0.019508589059114456, 0.9985389709472656, 0.7689468860626221, 0.5088514089584351, -0.29611727595329285, 0.9974468946456909, 0.7470948696136475, 0.514124870300293, -0.040385015308856964, 0.9979833364486694, 0.7421557903289795, 0.5207481980323792, -0.12188001722097397, 0.9976999163627625, 0.71297687292099, 0.37837204337120056, 0.14108248054981232, 0.9964810609817505, 0.6762207746505737, 0.4447577893733978, -0.40370818972587585, 0.9982330799102783, 0.739177942276001, 0.5504865050315857, 0.27784788608551025, 0.3010232150554657, 0.7289032936096191, 0.6496667861938477, -0.5104124546051025, 0.9812886714935303, 0.7995928525924683, 0.665101170539856, 0.13110150396823883, 0.44973865151405334, 0.8239068984985352, 0.7825250625610352, -0.43894585967063904, 0.963572084903717, 0.8510825634002686, 0.6894234418869019, 0.12267392873764038, 0.4652199447154999, 0.8712797164916992, 0.7998126149177551, -0.5186682939529419, 0.9388277530670166, 0.8540654182434082, 0.687941312789917, 0.05253572016954422, 0.47644317150115967, 0.8804888725280762, 0.7877940535545349, -0.4836525321006775, 0.9349214434623718, 0.8391761779785156, 0.6877728700637817, 0.0967453122138977, 0.49126648902893066, 0.8658934831619263, 0.7824572324752808, -0.4299388825893402, 0.911002516746521, 0.3726634681224823, 0.30570390820503235, 0.19592010974884033, 0.9985840320587158, 0.32642024755477905, 0.3245272934436798, -0.1957617551088333, 0.9988526105880737, 0.30402880907058716, 0.521522581577301, 0.38753369450569153, 0.5666230916976929, 0.24828527867794037, 0.556387722492218, -0.003553548129275441, 0.9881209135055542, 0.12466645240783691, 0.5597518086433411, 0.6652292013168335, 0.7099433541297913, 0.043216630816459656, 0.5837229490280151, 0.2269301861524582, 0.9861847758293152, 0.07795669138431549, 0.5440852046012878, 0.689239501953125, 0.7207054495811462, 0.015535667538642883, 0.5720540285110474, 0.2461218237876892, 0.9769008755683899, 0.120346799492836, 0.6254986524581909, 0.6875706911087036, 0.7581420540809631, 0.07610052824020386, 0.6545743942260742, 0.21026581525802612, 0.9772447943687439], 'Cobra_Pose_or_Bhujangasana__images_1.jpg'), ([0.9443581104278564, 0.41390854120254517, 0.1847427636384964, 0.9999212026596069, 0.9478410482406616, 0.3872945308685303, 0.20614434778690338, 0.9999390840530396, 0.945297360420227, 0.3837593197822571, 0.20624443888664246, 0.9999376535415649, 0.9426084756851196, 0.3800363540649414, 0.20621898770332336, 0.9999620914459229, 0.950688362121582, 0.3902837038040161, 0.14559826254844666, 0.9999428987503052, 0.9502606391906738, 0.3891123831272125, 0.14561161398887634, 0.9999493360519409, 0.9497151374816895, 0.3877607583999634, 0.14544865489006042, 0.9999641180038452, 0.9186187982559204, 0.3646600842475891, 0.29678964614868164, 0.9999430179595947, 0.9302586317062378, 0.3763737976551056, 0.026471715420484543, 0.9999618530273438, 0.9254857301712036, 0.42107781767845154, 0.22601623833179474, 0.9998823404312134, 0.9291934967041016, 0.4228348731994629, 0.14761485159397125, 0.9998804330825806, 0.7789186239242554, 0.39206767082214355, 0.48170799016952515, 0.9999589920043945, 0.8665404319763184, 0.446542352437973, -0.17804329097270966, 0.9999922513961792, 0.7362087368965149, 0.5511164665222168, 0.5092498660087585, 0.19127927720546722, 0.8374319076538086, 0.6276582479476929, -0.21225543320178986, 0.993157684803009, 0.7476631999015808, 0.6961652040481567, 0.44326725602149963, 0.22467775642871857, 0.8324540853500366, 0.8071058988571167, -0.15990197658538818, 0.9911516308784485, 0.7676326036453247, 0.696264386177063, 0.46370580792427063, 0.22020934522151947, 0.8732583522796631, 0.8175132274627686, -0.22253236174583435, 0.9855916500091553, 0.7773622870445251, 0.6999813914299011, 0.41056281328201294, 0.20657387375831604, 0.877042293548584, 0.8081965446472168, -0.16446839272975922, 0.9823513031005859, 0.7697938680648804, 0.7027841210365295, 0.4177064001560211, 0.2002713829278946, 0.862849235534668, 0.8032821416854858, -0.1379631608724594, 0.9661738276481628, 0.5492004156112671, 0.5250568985939026, 0.19706034660339355, 0.9988800883293152, 0.5877297520637512, 0.5778776407241821, -0.1972738802433014, 0.9982738494873047, 0.340300589799881, 0.6325979232788086, 0.19425225257873535, 0.3187052011489868, 0.33985352516174316, 0.6785145998001099, -0.20284396409988403, 0.8650575876235962, 0.07900536060333252, 0.6821977496147156, 0.2415582835674286, 0.4147012233734131, 0.08878189325332642, 0.710463285446167, -0.17193132638931274, 0.8581775426864624, 0.055664122104644775, 0.6600030064582825, 0.2412288933992386, 0.5822162628173828, 0.06680417060852051, 0.6830042600631714, -0.17142446339130402, 0.902809202671051, 0.11110496520996094, 0.733947217464447, 0.14049625396728516, 0.5852532386779785, 0.11915063858032227, 0.7546408176422119, -0.29496338963508606, 0.8524121046066284], 'Cobra_Pose_or_Bhujangasana__images_3.jpg'), ([0.8603757619857788, 0.3871740698814392, -0.20354679226875305, 0.8541748523712158, 0.8429400324821472, 0.38000428676605225, -0.23464548587799072, 0.9142078161239624, 0.840499222278595, 0.3801480829715729, -0.23476719856262207, 0.9302771687507629, 0.8335492610931396, 0.38705113530158997, -0.23491054773330688, 0.9081949591636658, 0.8524801731109619, 0.37647002935409546, -0.24015094339847565, 0.8926229476928711, 0.8518657088279724, 0.3778975009918213, -0.24028116464614868, 0.9133238196372986, 0.851676881313324, 0.38054513931274414, -0.24037039279937744, 0.9056352972984314, 0.820391058921814, 0.40654876828193665, -0.3041396141052246, 0.9572570323944092, 0.8463391661643982, 0.39253318309783936, -0.3273757994174957, 0.967184841632843, 0.8489980697631836, 0.40598350763320923, -0.21758854389190674, 0.9621554613113403, 0.8554993271827698, 0.4089968800544739, -0.22403843700885773, 0.9608541131019592, 0.7774028778076172, 0.4951257109642029, -0.2569129765033722, 0.9934749007225037, 0.892078161239624, 0.4808374047279358, -0.2948298454284668, 0.9936279058456421, 0.8018392324447632, 0.606295108795166, -0.09226253628730774, 0.10089239478111267, 0.948138952255249, 0.59947669506073, -0.13877789676189423, 0.18905794620513916, 0.835442841053009, 0.6155942678451538, 0.08625099807977676, 0.027824101969599724, 0.9422556161880493, 0.6564942598342896, 0.03532262146472931, 0.05613676831126213, 0.832151472568512, 0.6225898265838623, 0.09720120579004288, 0.03956163674592972, 0.9432066679000854, 0.6684324741363525, 0.040841370820999146, 0.07434581965208054, 0.8418410420417786, 0.6117045283317566, 0.08971982449293137, 0.040883440524339676, 0.9292652010917664, 0.6637770533561707, 0.022907236590981483, 0.07627999782562256, 0.8459019064903259, 0.609558641910553, 0.08890199661254883, 0.03714703395962715, 0.9256364703178406, 0.6588121652603149, 0.031764883548021317, 0.07816711068153381, 0.8962723016738892, 0.6602827906608582, 0.028944136574864388, 0.9678640961647034, 0.9620345830917358, 0.6571020483970642, -0.02848902717232704, 0.9887650012969971, 0.8979187607765198, 0.7109667658805847, 0.329243004322052, 0.029838792979717255, 0.9843635559082031, 0.7447255253791809, 0.23359589278697968, 0.19560474157333374, 0.9043611884117126, 0.7393902540206909, 0.6314944624900818, 0.016738777980208397, 0.9890413284301758, 0.8058637380599976, 0.5346689820289612, 0.12328186631202698, 0.9084072113037109, 0.7520735263824463, 0.6624606251716614, 0.037945352494716644, 0.9876369833946228, 0.820990264415741, 0.5682730674743652, 0.2313033640384674, 0.8975213170051575, 0.718554675579071, 0.6774383783340454, 0.010564351454377174, 1.0001986026763916, 0.7975912094116211, 0.5651499629020691, 0.05083120986819267], 'Cobra_Pose_or_Bhujangasana__images_5.jpg'), ([0.44421660900115967, 0.25155991315841675, 0.26972445845603943, 0.9999853372573853, 0.43444448709487915, 0.24915170669555664, 0.3046496510505676, 0.9999878406524658, 0.4339415729045868, 0.25072410702705383, 0.3045109212398529, 0.9999876022338867, 0.43302449584007263, 0.2521943151950836, 0.30450114607810974, 0.9999953508377075, 0.41160401701927185, 0.2488948106765747, 0.24456405639648438, 0.9999948740005493, 0.4082260727882385, 0.2510858178138733, 0.24460084736347198, 0.999995231628418, 0.4048368036746979, 0.2532975673675537, 0.244403675198555, 0.9999964237213135, 0.40954113006591797, 0.27526119351387024, 0.41746923327445984, 0.999994158744812, 0.3925458788871765, 0.27610236406326294, 0.15434224903583527, 0.9999949932098389, 0.44456323981285095, 0.2687184512615204, 0.3162609040737152, 0.9998910427093506, 0.43635621666908264, 0.2684961259365082, 0.2392759919166565, 0.9998359680175781, 0.4476470947265625, 0.3375111222267151, 0.5288481712341309, 0.9990150928497314, 0.39416342973709106, 0.32643619179725647, -0.02913837321102619, 0.9997808337211609, 0.45670753717422485, 0.2256268560886383, 0.6173014044761658, 0.1843273788690567, 0.42353957891464233, 0.2342659831047058, -0.14817313849925995, 0.981967568397522, 0.4348509907722473, 0.11549332737922668, 0.5400572419166565, 0.3033415377140045, 0.42217445373535156, 0.1020386815071106, -0.048271648585796356, 0.9613167643547058, 0.4236306846141815, 0.08795756101608276, 0.5291371941566467, 0.3029707372188568, 0.41113749146461487, 0.07444602251052856, -0.07135219871997833, 0.9651918411254883, 0.4155043959617615, 0.08288657665252686, 0.5442948937416077, 0.2863295078277588, 0.40280434489250183, 0.07618939876556396, -0.07236473262310028, 0.9524882435798645, 0.41951557993888855, 0.09613314270973206, 0.5367959141731262, 0.29368188977241516, 0.40678900480270386, 0.08642792701721191, -0.04250093922019005, 0.9258667230606079, 0.4620848298072815, 0.5763601064682007, 0.19774919748306274, 0.9999890327453613, 0.4513673186302185, 0.55929034948349, -0.19797903299331665, 0.9999945163726807, 0.40497252345085144, 0.7482825517654419, 0.09890464693307877, 0.9973937273025513, 0.6772710680961609, 0.570124089717865, -0.16454508900642395, 0.9995056390762329, 0.19614389538764954, 0.752856433391571, -0.030728712677955627, 0.9931398034095764, 0.6913267374038696, 0.7798816561698914, -0.13525155186653137, 0.9957910776138306, 0.1708734929561615, 0.7351387739181519, -0.0386011116206646, 0.9929106831550598, 0.6679997444152832, 0.8084989786148071, -0.1334984451532364, 0.9938920736312866, 0.09368062019348145, 0.783332884311676, -0.09231849759817123, 0.9885607361793518, 0.8007487058639526, 0.8135450482368469, -0.17434126138687134, 0.9887791872024536], 'Seated_Forward_Bend_pose_or_Paschimottanasana__images_0.jpg'), ([0.3561275005340576, 0.4975834786891937, -0.1185663565993309, 0.9899395108222961, 0.3521430790424347, 0.4689558744430542, -0.1443413645029068, 0.9926583170890808, 0.35352128744125366, 0.46666067838668823, -0.1443355679512024, 0.991025447845459, 0.3550088107585907, 0.4647839367389679, -0.14426963031291962, 0.9939279556274414, 0.35305312275886536, 0.46732863783836365, -0.10294653475284576, 0.9925904273986816, 0.3553122878074646, 0.4638044536113739, -0.10310477018356323, 0.9914616346359253, 0.3579399883747101, 0.4604828357696533, -0.10322175174951553, 0.9940651655197144, 0.37966400384902954, 0.4565945565700531, -0.21345514059066772, 0.9820755124092102, 0.38454705476760864, 0.45038551092147827, -0.028546471148729324, 0.9870980381965637, 0.373837947845459, 0.5067142844200134, -0.13872365653514862, 0.9792068004608154, 0.37393975257873535, 0.5049168467521667, -0.08507449924945831, 0.9771892428398132, 0.43313607573509216, 0.5239121317863464, -0.3495464622974396, 0.9884474873542786, 0.4538758397102356, 0.5121288299560547, 0.13054685294628143, 0.9935763478279114, 0.2568182945251465, 0.637772798538208, -0.4407828450202942, 0.8195242285728455, 0.2885468304157257, 0.6275604963302612, 0.2068275660276413, 0.2196362316608429, 0.08389079570770264, 0.6821794509887695, -0.2641085088253021, 0.6802179217338562, 0.09941625595092773, 0.6660474538803101, 0.10016801208257675, 0.17907997965812683, 0.03263944387435913, 0.690464973449707, -0.30202531814575195, 0.6320295929908752, 0.05311715602874756, 0.6728776097297668, 0.10027625411748886, 0.1788867712020874, 0.032780468463897705, 0.67918860912323, -0.26409029960632324, 0.6222895979881287, 0.04888606071472168, 0.6731172204017639, 0.04082418978214264, 0.18010403215885162, 0.050362467765808105, 0.6812413930892944, -0.24615414440631866, 0.5890613198280334, 0.06173694133758545, 0.6772549748420715, 0.07000946253538132, 0.19031046330928802, 0.6375005841255188, 0.7866211533546448, -0.13728955388069153, 0.9893689751625061, 0.6167051196098328, 0.7319759726524353, 0.137514129281044, 0.9908638596534729, 0.35290735960006714, 0.7696968913078308, -0.09770220518112183, 0.6233866810798645, 0.35832881927490234, 0.7425547242164612, 0.16950519382953644, 0.09944228082895279, 0.07704603672027588, 0.7707228064537048, -0.005623166915029287, 0.7184658646583557, 0.09602755308151245, 0.7466656565666199, 0.2656856179237366, 0.2283342182636261, 0.05124175548553467, 0.7791624069213867, -0.0020109261386096478, 0.7481075525283813, 0.11061650514602661, 0.7918730974197388, 0.2687040865421295, 0.27750247716903687, 0.03871804475784302, 0.7000250220298767, -0.1200861856341362, 0.7702970504760742, 0.07610243558883667, 0.69478839635849, 0.1851804405450821, 0.3110584020614624], 'Seated_Forward_Bend_pose_or_Paschimottanasana__images_1.jpg'), ([0.5479543805122375, 0.5460696816444397, -0.24177713692188263, 0.9999275207519531, 0.5567644834518433, 0.524955153465271, -0.22438490390777588, 0.9998786449432373, 0.556817889213562, 0.5211459994316101, -0.22440260648727417, 0.9998764991760254, 0.5569095611572266, 0.5172770023345947, -0.22466085851192474, 0.9998811483383179, 0.5526769161224365, 0.5261324048042297, -0.2802118957042694, 0.9999173879623413, 0.5497779250144958, 0.5234836339950562, -0.2801640033721924, 0.9999009370803833, 0.546781599521637, 0.5206927061080933, -0.2799043357372284, 0.9998862743377686, 0.5368626713752747, 0.4898330569267273, -0.12696802616119385, 0.9997537732124329, 0.5207629203796387, 0.49479007720947266, -0.3845853805541992, 0.9997977614402771, 0.5280233025550842, 0.543701708316803, -0.1993108093738556, 0.9998476505279541, 0.5234091281890869, 0.5440939664840698, -0.2739158868789673, 0.9998328685760498, 0.49386629462242126, 0.5041601657867432, -0.023586006835103035, 0.9987258315086365, 0.4289344847202301, 0.5396467447280884, -0.47012463212013245, 0.9977649450302124, 0.6221901774406433, 0.6317567825317383, 0.004620518535375595, 0.45616212487220764, 0.5922013521194458, 0.6933372616767883, -0.5940267443656921, 0.9709022641181946, 0.7999926805496216, 0.6653903126716614, -0.1616154909133911, 0.4181003272533417, 0.793392539024353, 0.7116599678993225, -0.534850537776947, 0.9461977481842041, 0.8459933996200562, 0.6623408198356628, -0.19110135734081268, 0.37862908840179443, 0.843700647354126, 0.7170924544334412, -0.6318818926811218, 0.8939411640167236, 0.8527153730392456, 0.655714213848114, -0.2553486227989197, 0.3881041705608368, 0.8492529392242432, 0.6924180388450623, -0.5800657868385315, 0.8872931599617004, 0.8381205797195435, 0.6578760147094727, -0.1962297409772873, 0.41145843267440796, 0.8325519561767578, 0.6909796595573425, -0.5247462391853333, 0.8599595427513123, 0.2704092860221863, 0.6685851216316223, 0.162603497505188, 0.9810858964920044, 0.20167593657970428, 0.7163052558898926, -0.16191378235816956, 0.9736454486846924, 0.5356931686401367, 0.6704832911491394, 0.04325045645236969, 0.3096862733364105, 0.509984016418457, 0.7219226360321045, -0.18871833384037018, 0.8096814751625061, 0.8533695936203003, 0.7095555663108826, 0.022099699825048447, 0.4216744601726532, 0.8214157819747925, 0.7201601266860962, -0.10084705054759979, 0.8365322351455688, 0.8922512531280518, 0.7476203441619873, 0.01130619551986456, 0.41655975580215454, 0.8728781938552856, 0.7519299387931824, -0.1077340841293335, 0.8176702260971069, 0.9290621280670166, 0.6399816274642944, -0.13966397941112518, 0.49887222051620483, 0.9099555015563965, 0.6416970491409302, -0.29924899339675903, 0.834973156452179], 'Seated_Forward_Bend_pose_or_Paschimottanasana__images_2.jpg'), ([0.5243147611618042, 0.3811015188694, -0.1348269283771515, 0.998189389705658, 0.5223903656005859, 0.3509066104888916, -0.13394996523857117, 0.9982234835624695, 0.521087646484375, 0.34729865193367004, -0.13412968814373016, 0.9984681010246277, 0.5198278427124023, 0.3437524437904358, -0.13444137573242188, 0.9984744191169739, 0.5214986801147461, 0.35308390855789185, -0.1757124364376068, 0.9984235763549805, 0.5196552276611328, 0.3514663577079773, -0.17564480006694794, 0.9981520771980286, 0.5178605318069458, 0.3500171899795532, -0.17551188170909882, 0.9979894161224365, 0.49394527077674866, 0.3329465985298157, -0.07794218510389328, 0.9969838261604309, 0.49549832940101624, 0.34475767612457275, -0.2712596654891968, 0.9956877827644348, 0.505807101726532, 0.38784411549568176, -0.10472109913825989, 0.9962478280067444, 0.5046046376228333, 0.38790568709373474, -0.16147014498710632, 0.9957684278488159, 0.43278399109840393, 0.38695859909057617, 0.08079932630062103, 0.9952817559242249, 0.45104536414146423, 0.4203076958656311, -0.36286625266075134, 0.9891752600669861, 0.6109776496887207, 0.488067626953125, 0.1251867264509201, 0.4210732579231262, 0.6266196966171265, 0.5348660945892334, -0.4347926676273346, 0.8557484149932861, 0.8115075826644897, 0.5574592351913452, -0.02582343854010105, 0.4975074827671051, 0.8370671272277832, 0.5922633409500122, -0.330045610666275, 0.6373171806335449, 0.8400636911392212, 0.5625595450401306, -0.020868537947535515, 0.42554229497909546, 0.8757519721984863, 0.6033312082290649, -0.4065820276737213, 0.5413874983787537, 0.8464020490646362, 0.5600676536560059, -0.10568684339523315, 0.437835693359375, 0.8766969442367554, 0.5802151560783386, -0.3698829710483551, 0.5154291987419128, 0.8358161449432373, 0.5620303750038147, -0.06352786719799042, 0.44687333703041077, 0.8614089488983154, 0.5801445841789246, -0.3214748799800873, 0.4886886179447174, 0.22442477941513062, 0.6285356283187866, 0.18739381432533264, 0.9972928166389465, 0.21938268840312958, 0.6614827513694763, -0.1873530000448227, 0.994288444519043, 0.5109615325927734, 0.6205350756645203, 0.20918239653110504, 0.30998578667640686, 0.533868134021759, 0.6588823795318604, -0.14205442368984222, 0.9046693444252014, 0.8095734119415283, 0.6510530710220337, 0.3306850492954254, 0.4435415267944336, 0.8422132730484009, 0.6716926693916321, -0.0387616828083992, 0.9254035949707031, 0.8637025356292725, 0.6807354688644409, 0.3329242467880249, 0.4027998447418213, 0.8957898616790771, 0.7072334289550781, -0.04715506359934807, 0.8592268228530884, 0.8775807619094849, 0.5481754541397095, 0.16773121058940887, 0.5342947840690613, 0.9054790735244751, 0.556168258190155, -0.29040291905403137, 0.9027013778686523], 'Seated_Forward_Bend_pose_or_Paschimottanasana__images_3.jpg'), ([0.3664845824241638, 0.30945438146591187, -0.2488192915916443, 0.9986361861228943, 0.3703058063983917, 0.2847518026828766, -0.22045761346817017, 0.9987884163856506, 0.3701038956642151, 0.282918244600296, -0.22071409225463867, 0.9985451698303223, 0.36964669823646545, 0.28095149993896484, -0.22101210057735443, 0.9988552331924438, 0.36482861638069153, 0.2855825424194336, -0.2906423807144165, 0.9987483024597168, 0.3604835867881775, 0.2842012345790863, -0.2907603085041046, 0.9984288811683655, 0.3553512692451477, 0.2823173999786377, -0.2908298969268799, 0.9986862540245056, 0.3443611264228821, 0.27744874358177185, -0.07577420026063919, 0.998196542263031, 0.31650519371032715, 0.2735412120819092, -0.39013969898223877, 0.9970683455467224, 0.35195067524909973, 0.32696694135665894, -0.1890394240617752, 0.9991781115531921, 0.3437289893627167, 0.3289852440357208, -0.28034713864326477, 0.9993708729743958, 0.3206409811973572, 0.3809993863105774, 0.09958246350288391, 0.9991939663887024, 0.22458389401435852, 0.39056825637817383, -0.49977025389671326, 0.9988178610801697, 0.42910346388816833, 0.5181784629821777, 0.16372786462306976, 0.5760890245437622, 0.35837623476982117, 0.5611145496368408, -0.5633795261383057, 0.9712698459625244, 0.5599654912948608, 0.5986936092376709, 0.00927327387034893, 0.5876684784889221, 0.5214990377426147, 0.6372348070144653, -0.5545177459716797, 0.9779182076454163, 0.5915108919143677, 0.6264705061912537, -0.007115339860320091, 0.4893058240413666, 0.5636731386184692, 0.664971649646759, -0.6284998059272766, 0.9677287936210632, 0.5964165329933167, 0.6273919939994812, -0.07915010303258896, 0.5061798691749573, 0.580967903137207, 0.652384877204895, -0.6234333515167236, 0.9666579961776733, 0.583087682723999, 0.6196119785308838, -0.02652399055659771, 0.49852028489112854, 0.5685999393463135, 0.6421539783477783, -0.5534361600875854, 0.9475167989730835, 0.24607402086257935, 0.637546956539154, 0.15186740458011627, 0.9902200102806091, 0.1809195727109909, 0.6685850024223328, -0.1518222838640213, 0.9864100813865662, 0.4739895761013031, 0.6277854442596436, 0.0672132670879364, 0.36807164549827576, 0.4105374813079834, 0.6677157878875732, -0.19491858780384064, 0.7098544836044312, 0.6544981598854065, 0.7029132843017578, 0.10530754923820496, 0.286011278629303, 0.6411217451095581, 0.701617956161499, -0.07892851531505585, 0.7102186679840088, 0.6729983687400818, 0.7300294637680054, 0.10433639585971832, 0.34316185116767883, 0.669123649597168, 0.729341447353363, -0.07344429194927216, 0.6685982346534729, 0.7183386087417603, 0.6619476079940796, -0.03601498901844025, 0.3316707909107208, 0.7279305458068848, 0.6368399262428284, -0.23249216377735138, 0.7215372920036316], 'Seated_Forward_Bend_pose_or_Paschimottanasana__images_4.jpg'), ([0.6788549423217773, 0.3964340090751648, -0.06501012295484543, 0.99998939037323, 0.6868569850921631, 0.377734899520874, -0.05510164797306061, 0.999996542930603, 0.6860743165016174, 0.37445956468582153, -0.05517793819308281, 0.9999935626983643, 0.6853739023208618, 0.3711193799972534, -0.055381692945957184, 0.9999954700469971, 0.6854722499847412, 0.3815745711326599, -0.10525314509868622, 0.9999983310699463, 0.6837375164031982, 0.38140392303466797, -0.10533633828163147, 0.9999973773956299, 0.6820048093795776, 0.3811299204826355, -0.10543693602085114, 0.9999979734420776, 0.6654818654060364, 0.355876088142395, 0.029354015365242958, 0.9999936819076538, 0.6632330417633057, 0.37077662348747253, -0.19691267609596252, 0.9999943971633911, 0.659508228302002, 0.39444082975387573, -0.02475724183022976, 0.9999679327011108, 0.6564439535140991, 0.39837247133255005, -0.09123475849628448, 0.9999847412109375, 0.558077335357666, 0.34302854537963867, 0.19975270330905914, 0.9995324611663818, 0.5780084133148193, 0.43806809186935425, -0.3006844222545624, 0.9997530579566956, 0.5310889482498169, 0.3361794352531433, 0.5739697217941284, 0.2014761120080948, 0.6113507151603699, 0.5996085405349731, -0.3808797597885132, 0.9622446298599243, 0.5558432340621948, 0.3549683094024658, 0.9121098518371582, 0.09987252205610275, 0.6327347159385681, 0.7366695404052734, -0.3185270130634308, 0.8875016570091248, 0.5583298206329346, 0.36230459809303284, 1.0047850608825684, 0.10589087009429932, 0.6448332667350769, 0.7749618291854858, -0.3472517132759094, 0.8339479565620422, 0.5678434371948242, 0.35381415486335754, 0.9486239552497864, 0.10082217305898666, 0.6555527448654175, 0.7713293433189392, -0.31184741854667664, 0.8324599862098694, 0.5567989349365234, 0.37204498052597046, 0.9051486253738403, 0.10173188894987106, 0.6465224623680115, 0.7591224312782288, -0.29801422357559204, 0.7425413131713867, 0.35234928131103516, 0.5040505528450012, 0.16404958069324493, 0.9999727010726929, 0.3920830190181732, 0.5227023363113403, -0.1643189936876297, 0.9997604489326477, 0.3652207553386688, 0.6916683316230774, 0.146327406167984, 0.9829803705215454, 0.6137360334396362, 0.6396079063415527, -0.06841927021741867, 0.8953601717948914, 0.17693765461444855, 0.6883907318115234, 0.20195353031158447, 0.9896765351295471, 0.8575056791305542, 0.7361544370651245, -0.06760085374116898, 0.9873627424240112, 0.1520809829235077, 0.6645297408103943, 0.20882652699947357, 0.9931801557540894, 0.8691016435623169, 0.7569596767425537, -0.0684238076210022, 0.9771695733070374, 0.10780759155750275, 0.690839409828186, 0.1436246931552887, 0.9863709807395935, 0.9381678104400635, 0.6978266835212708, -0.1500597596168518, 0.9872898459434509], 'Seated_Forward_Bend_pose_or_Paschimottanasana__images_5.jpg'), ([0.44421660900115967, 0.25155991315841675, 0.26972445845603943, 0.9999853372573853, 0.43444448709487915, 0.24915170669555664, 0.3046496510505676, 0.9999878406524658, 0.4339415729045868, 0.25072410702705383, 0.3045109212398529, 0.9999876022338867, 0.43302449584007263, 0.2521943151950836, 0.30450114607810974, 0.9999953508377075, 0.41160401701927185, 0.2488948106765747, 0.24456405639648438, 0.9999948740005493, 0.4082260727882385, 0.2510858178138733, 0.24460084736347198, 0.999995231628418, 0.4048368036746979, 0.2532975673675537, 0.244403675198555, 0.9999964237213135, 0.40954113006591797, 0.27526119351387024, 0.41746923327445984, 0.999994158744812, 0.3925458788871765, 0.27610236406326294, 0.15434224903583527, 0.9999949932098389, 0.44456323981285095, 0.2687184512615204, 0.3162609040737152, 0.9998910427093506, 0.43635621666908264, 0.2684961259365082, 0.2392759919166565, 0.9998359680175781, 0.4476470947265625, 0.3375111222267151, 0.5288481712341309, 0.9990150928497314, 0.39416342973709106, 0.32643619179725647, -0.02913837321102619, 0.9997808337211609, 0.45670753717422485, 0.2256268560886383, 0.6173014044761658, 0.1843273788690567, 0.42353957891464233, 0.2342659831047058, -0.14817313849925995, 0.981967568397522, 0.4348509907722473, 0.11549332737922668, 0.5400572419166565, 0.3033415377140045, 0.42217445373535156, 0.1020386815071106, -0.048271648585796356, 0.9613167643547058, 0.4236306846141815, 0.08795756101608276, 0.5291371941566467, 0.3029707372188568, 0.41113749146461487, 0.07444602251052856, -0.07135219871997833, 0.9651918411254883, 0.4155043959617615, 0.08288657665252686, 0.5442948937416077, 0.2863295078277588, 0.40280434489250183, 0.07618939876556396, -0.07236473262310028, 0.9524882435798645, 0.41951557993888855, 0.09613314270973206, 0.5367959141731262, 0.29368188977241516, 0.40678900480270386, 0.08642792701721191, -0.04250093922019005, 0.9258667230606079, 0.4620848298072815, 0.5763601064682007, 0.19774919748306274, 0.9999890327453613, 0.4513673186302185, 0.55929034948349, -0.19797903299331665, 0.9999945163726807, 0.40497252345085144, 0.7482825517654419, 0.09890464693307877, 0.9973937273025513, 0.6772710680961609, 0.570124089717865, -0.16454508900642395, 0.9995056390762329, 0.19614389538764954, 0.752856433391571, -0.030728712677955627, 0.9931398034095764, 0.6913267374038696, 0.7798816561698914, -0.13525155186653137, 0.9957910776138306, 0.1708734929561615, 0.7351387739181519, -0.0386011116206646, 0.9929106831550598, 0.6679997444152832, 0.8084989786148071, -0.1334984451532364, 0.9938920736312866, 0.09368062019348145, 0.783332884311676, -0.09231849759817123, 0.9885607361793518, 0.8007487058639526, 0.8135450482368469, -0.17434126138687134, 0.9887791872024536], 'Tree_Pose_or_Vrksasana__images_0.jpg'), ([0.5846123099327087, 0.2677192986011505, 0.07939481735229492, 0.9977805018424988, 0.5743882060050964, 0.27076196670532227, 0.08791254460811615, 0.9985154271125793, 0.5750795006752014, 0.27094680070877075, 0.08795992285013199, 0.998077392578125, 0.5755265951156616, 0.27110815048217773, 0.08796588331460953, 0.9988009929656982, 0.5773853659629822, 0.2731507420539856, 0.07066477090120316, 0.9989332556724548, 0.5787054896354675, 0.2745825946331024, 0.07055212557315826, 0.9985404014587402, 0.5800620317459106, 0.2759974002838135, 0.07034926116466522, 0.9990431666374207, 0.5898036956787109, 0.2748534083366394, 0.12129725515842438, 0.9981732368469238, 0.5940231084823608, 0.28181397914886475, 0.041896019130945206, 0.9992955923080444, 0.5978038311004639, 0.26664412021636963, 0.09597652405500412, 0.9955090284347534, 0.5990540385246277, 0.2696978747844696, 0.07192999869585037, 0.993241548538208, 0.6477875709533691, 0.25789982080459595, 0.12739592790603638, 0.991978645324707, 0.6443451046943665, 0.2947115898132324, 0.017568830400705338, 0.9922311902046204, 0.5794554948806763, 0.21597321331501007, 0.13352251052856445, 0.20836885273456573, 0.5583369731903076, 0.27072757482528687, 0.048247579485177994, 0.8325769901275635, 0.5066080093383789, 0.16695323586463928, 0.17545804381370544, 0.2917242646217346, 0.4780912697315216, 0.2195909321308136, 0.1261919140815735, 0.6845437288284302, 0.4834814667701721, 0.16029798984527588, 0.1870487928390503, 0.3082731068134308, 0.4648696780204773, 0.20640094578266144, 0.1203908771276474, 0.6262809038162231, 0.4789324104785919, 0.1678873598575592, 0.19803310930728912, 0.3036205470561981, 0.46529167890548706, 0.203793004155159, 0.13251884281635284, 0.6003223657608032, 0.4852798283100128, 0.17105498909950256, 0.1794690042734146, 0.32086366415023804, 0.468900591135025, 0.20909176766872406, 0.13241802155971527, 0.582484781742096, 0.8174005150794983, 0.405642032623291, -0.010899953544139862, 0.996802568435669, 0.8194282054901123, 0.41982024908065796, 0.010511850006878376, 0.9979631900787354, 0.6942339539527893, 0.5250550508499146, 0.05446968600153923, 0.4646068811416626, 0.708166778087616, 0.5835011005401611, -0.06952176988124847, 0.7590039968490601, 0.6538481712341309, 0.646201491355896, 0.1618538498878479, 0.2393554449081421, 0.6760117411613464, 0.654741644859314, 0.003497172612696886, 0.24830114841461182, 0.6560460329055786, 0.6616108417510986, 0.17654168605804443, 0.2700706124305725, 0.6710551977157593, 0.6584998369216919, 0.017025012522935867, 0.41752931475639343, 0.6153888702392578, 0.6939554214477539, 0.16469651460647583, 0.20727282762527466, 0.6614179611206055, 0.7003040313720703, 0.016066310927271843, 0.30546504259109497], 'Tree_Pose_or_Vrksasana__images_1.jpg'), ([0.5638984441757202, 0.23668867349624634, 0.46317753195762634, 0.9848682880401611, 0.555986762046814, 0.2537901699542999, 0.48736992478370667, 0.9850068688392639, 0.5564485788345337, 0.2577161192893982, 0.4874740540981293, 0.9800301194190979, 0.556688129901886, 0.26169252395629883, 0.48748502135276794, 0.9882340431213379, 0.5552237033843994, 0.24701200425624847, 0.46026578545570374, 0.9883793592453003, 0.554790735244751, 0.247596874833107, 0.460299551486969, 0.9874336123466492, 0.5544589757919312, 0.24807876348495483, 0.46007946133613586, 0.99015873670578, 0.5651882290840149, 0.2754353880882263, 0.5387480854988098, 0.993578314781189, 0.5638604164123535, 0.26031947135925293, 0.41610637307167053, 0.9961256384849548, 0.5792799592018127, 0.24012848734855652, 0.47658005356788635, 0.9884405136108398, 0.5777543783187866, 0.23612818121910095, 0.44101953506469727, 0.9862935543060303, 0.6360681653022766, 0.29484134912490845, 0.5468266010284424, 0.9972749352455139, 0.610187292098999, 0.24742674827575684, 0.22167277336120605, 0.9985347986221313, 0.6866881251335144, 0.18689900636672974, 0.5411648154258728, 0.07639673352241516, 0.6573417782783508, 0.12552276253700256, 0.2436831295490265, 0.9739750027656555, 0.6572343111038208, 0.16191425919532776, 0.5909649729728699, 0.09107682853937149, 0.639384388923645, 0.1364860236644745, 0.5360440015792847, 0.41351205110549927, 0.6430482864379883, 0.14900916814804077, 0.5954750180244446, 0.09699193388223648, 0.6317527890205383, 0.12964951992034912, 0.5457447171211243, 0.3611082136631012, 0.6425370573997498, 0.15422120690345764, 0.6157699227333069, 0.10202185064554214, 0.6375047564506531, 0.14972534775733948, 0.5534459948539734, 0.33799687027931213, 0.6479101777076721, 0.16105595231056213, 0.5940540432929993, 0.09964337944984436, 0.6418582797050476, 0.15515899658203125, 0.5427097678184509, 0.3603622615337372, 0.7209494709968567, 0.48814117908477783, 0.12384519726037979, 0.9990712404251099, 0.6763861179351807, 0.46723049879074097, -0.12458343058824539, 0.9976580142974854, 0.6810829639434814, 0.6759582161903381, 0.04106743261218071, 0.5353711247444153, 0.6682553291320801, 0.6604287028312683, -0.22808226943016052, 0.9685021638870239, 0.6481370329856873, 0.8586136102676392, -0.16310907900333405, 0.43763473629951477, 0.6336545348167419, 0.8645399808883667, -0.40076833963394165, 0.8979787826538086, 0.6248677968978882, 0.8893565535545349, -0.19050125777721405, 0.7155545949935913, 0.6116110682487488, 0.9001767635345459, -0.4196770191192627, 0.9698832035064697, 0.6742542386054993, 0.9450802206993103, -0.262321412563324, 0.4942222237586975, 0.6794707179069519, 0.9498196840286255, -0.5061876773834229, 0.8862336874008179], 'Tree_Pose_or_Vrksasana__images_2.jpg'), ([0.5569206476211548, 0.12229686975479126, 0.009642990306019783, 0.999127209186554, 0.5682700276374817, 0.1105940043926239, 0.049005456268787384, 0.9984291195869446, 0.5749281048774719, 0.11266815662384033, 0.04873077571392059, 0.9978308081626892, 0.5815451741218567, 0.11519503593444824, 0.04854987934231758, 0.9985411167144775, 0.545583188533783, 0.10893043875694275, 0.05691614747047424, 0.998789370059967, 0.5370500087738037, 0.10999101400375366, 0.05690143629908562, 0.9986501336097717, 0.5283571481704712, 0.11179566383361816, 0.056695688515901566, 0.9991284012794495, 0.5898204445838928, 0.13031576573848724, 0.21352100372314453, 0.995739221572876, 0.5166831016540527, 0.1274629533290863, 0.25082242488861084, 0.9979584217071533, 0.5694008469581604, 0.14809152483940125, 0.06990712881088257, 0.9973551034927368, 0.5402675867080688, 0.14672306180000305, 0.08040083199739456, 0.9987836480140686, 0.6371351480484009, 0.2100902795791626, 0.18070045113563538, 0.9994705319404602, 0.4647032916545868, 0.23673081398010254, 0.3458439111709595, 0.9996089339256287, 0.6265963315963745, 0.27497828006744385, -0.0007666479214094579, 0.6549069881439209, 0.47279489040374756, 0.3480217158794403, 0.3407622277736664, 0.041064754128456116, 0.5250173807144165, 0.2901330590248108, -0.11070596426725388, 0.5503798723220825, 0.4762952923774719, 0.44476863741874695, 0.20163708925247192, 0.11166861653327942, 0.4936281442642212, 0.2941358685493469, -0.14332741498947144, 0.5217757821083069, 0.469804584980011, 0.4771430790424347, 0.17526619136333466, 0.17607471346855164, 0.49403682351112366, 0.2856876254081726, -0.1425556093454361, 0.4804691970348358, 0.47544682025909424, 0.47327232360839844, 0.1359383910894394, 0.16952796280384064, 0.5029996037483215, 0.28677183389663696, -0.10984957963228226, 0.4128759801387787, 0.4828595817089081, 0.4618939459323883, 0.18475066125392914, 0.16227225959300995, 0.6113588213920593, 0.43903660774230957, -0.027275554835796356, 0.9999651908874512, 0.5088947415351868, 0.4239397644996643, 0.028170496225357056, 0.9999053478240967, 0.5816327333450317, 0.6634985208511353, -0.10471053421497345, 0.9125701189041138, 0.4646531343460083, 0.2701447010040283, -0.4606092572212219, 0.8477937579154968, 0.5387771725654602, 0.8336846828460693, -0.12786519527435303, 0.6906784772872925, 0.5252600908279419, 0.3721001148223877, -0.7189307808876038, 0.5154461860656738, 0.5266097784042358, 0.8582684993743896, -0.13988155126571655, 0.6612880229949951, 0.5434548258781433, 0.4108802080154419, -0.7483004927635193, 0.6299092769622803, 0.5596177577972412, 0.8935977220535278, -0.30141404271125793, 0.7726143598556519, 0.5348096489906311, 0.35946106910705566, -0.921264111995697, 0.7830702662467957], 'Tree_Pose_or_Vrksasana__images_3.jpg'), ([0.592041015625, 0.27359187602996826, 0.60019451379776, 0.9999942779541016, 0.5795671343803406, 0.2634328305721283, 0.6131338477134705, 0.9999969005584717, 0.5677502155303955, 0.26210975646972656, 0.6133044958114624, 0.999996542930603, 0.5646640658378601, 0.26230621337890625, 0.6132886409759521, 0.9999985694885254, 0.5853903889656067, 0.2623682916164398, 0.5583685040473938, 0.9999979734420776, 0.5852339863777161, 0.2621016800403595, 0.5585004091262817, 0.9999978542327881, 0.5848342776298523, 0.2618311047554016, 0.5583452582359314, 0.9999984502792358, 0.5465211868286133, 0.27111467719078064, 0.6247811913490295, 0.9999982118606567, 0.5690737366676331, 0.2686842978000641, 0.3765023648738861, 0.9999972581863403, 0.5860788822174072, 0.28631967306137085, 0.6105614900588989, 0.999967098236084, 0.5900670289993286, 0.285831481218338, 0.5376484990119934, 0.9999426603317261, 0.5150542259216309, 0.3425733745098114, 0.6820958852767944, 0.9997264742851257, 0.5817829370498657, 0.3015674650669098, 0.17750295996665955, 0.9999181032180786, 0.5560840368270874, 0.29662880301475525, 1.0156503915786743, 0.03463232144713402, 0.6371452808380127, 0.19476234912872314, 0.21526044607162476, 0.9643360376358032, 0.5570603013038635, 0.18109968304634094, 1.3139584064483643, 0.18015164136886597, 0.614112913608551, 0.08987098932266235, 0.574528157711029, 0.9373877644538879, 0.5557273626327515, 0.1556028127670288, 1.3677754402160645, 0.2627052664756775, 0.6047896146774292, 0.061463773250579834, 0.6015051603317261, 0.9605189561843872, 0.5479950308799744, 0.1501787006855011, 1.372100830078125, 0.25336310267448425, 0.5901503562927246, 0.06920063495635986, 0.5982717871665955, 0.9437298774719238, 0.5496569871902466, 0.1608455777168274, 1.3200477361679077, 0.2562252879142761, 0.5922786593437195, 0.08183598518371582, 0.5888845324516296, 0.9057459831237793, 0.5465816259384155, 0.5694411993026733, 0.137869194149971, 0.9999910593032837, 0.6352169513702393, 0.5617249608039856, -0.13821081817150116, 0.9999916553497314, 0.4107655882835388, 0.7185254096984863, 0.011204873211681843, 0.9987958669662476, 0.8469866514205933, 0.6765017509460449, -0.08172000199556351, 0.9981368780136108, 0.26659905910491943, 0.8647475242614746, -0.13689859211444855, 0.9946045279502869, 0.8387521505355835, 0.8853724002838135, -0.07441554218530655, 0.9939979314804077, 0.25627467036247253, 0.8903781771659851, -0.14615464210510254, 0.9930045008659363, 0.814608097076416, 0.9183357357978821, -0.07090236246585846, 0.9911218881607056, 0.23811650276184082, 0.9075429439544678, -0.18461355566978455, 0.9905581474304199, 0.9289500713348389, 0.9186952710151672, -0.10600482672452927, 0.9852044582366943], 'Tree_Pose_or_Vrksasana__images_4.jpg'), ([0.44421660900115967, 0.25155991315841675, 0.26972445845603943, 0.9999853372573853, 0.43444448709487915, 0.24915170669555664, 0.3046496510505676, 0.9999878406524658, 0.4339415729045868, 0.25072410702705383, 0.3045109212398529, 0.9999876022338867, 0.43302449584007263, 0.2521943151950836, 0.30450114607810974, 0.9999953508377075, 0.41160401701927185, 0.2488948106765747, 0.24456405639648438, 0.9999948740005493, 0.4082260727882385, 0.2510858178138733, 0.24460084736347198, 0.999995231628418, 0.4048368036746979, 0.2532975673675537, 0.244403675198555, 0.9999964237213135, 0.40954113006591797, 0.27526119351387024, 0.41746923327445984, 0.999994158744812, 0.3925458788871765, 0.27610236406326294, 0.15434224903583527, 0.9999949932098389, 0.44456323981285095, 0.2687184512615204, 0.3162609040737152, 0.9998910427093506, 0.43635621666908264, 0.2684961259365082, 0.2392759919166565, 0.9998359680175781, 0.4476470947265625, 0.3375111222267151, 0.5288481712341309, 0.9990150928497314, 0.39416342973709106, 0.32643619179725647, -0.02913837321102619, 0.9997808337211609, 0.45670753717422485, 0.2256268560886383, 0.6173014044761658, 0.1843273788690567, 0.42353957891464233, 0.2342659831047058, -0.14817313849925995, 0.981967568397522, 0.4348509907722473, 0.11549332737922668, 0.5400572419166565, 0.3033415377140045, 0.42217445373535156, 0.1020386815071106, -0.048271648585796356, 0.9613167643547058, 0.4236306846141815, 0.08795756101608276, 0.5291371941566467, 0.3029707372188568, 0.41113749146461487, 0.07444602251052856, -0.07135219871997833, 0.9651918411254883, 0.4155043959617615, 0.08288657665252686, 0.5442948937416077, 0.2863295078277588, 0.40280434489250183, 0.07618939876556396, -0.07236473262310028, 0.9524882435798645, 0.41951557993888855, 0.09613314270973206, 0.5367959141731262, 0.29368188977241516, 0.40678900480270386, 0.08642792701721191, -0.04250093922019005, 0.9258667230606079, 0.4620848298072815, 0.5763601064682007, 0.19774919748306274, 0.9999890327453613, 0.4513673186302185, 0.55929034948349, -0.19797903299331665, 0.9999945163726807, 0.40497252345085144, 0.7482825517654419, 0.09890464693307877, 0.9973937273025513, 0.6772710680961609, 0.570124089717865, -0.16454508900642395, 0.9995056390762329, 0.19614389538764954, 0.752856433391571, -0.030728712677955627, 0.9931398034095764, 0.6913267374038696, 0.7798816561698914, -0.13525155186653137, 0.9957910776138306, 0.1708734929561615, 0.7351387739181519, -0.0386011116206646, 0.9929106831550598, 0.6679997444152832, 0.8084989786148071, -0.1334984451532364, 0.9938920736312866, 0.09368062019348145, 0.783332884311676, -0.09231849759817123, 0.9885607361793518, 0.8007487058639526, 0.8135450482368469, -0.17434126138687134, 0.9887791872024536], 'Warrior_I_Pose_or_Virabhadrasana_I__images_0.jpg'), ([0.7055907249450684, 0.1371343731880188, 0.6086548566818237, 0.9982033967971802, 0.6972615122795105, 0.11996689438819885, 0.5607289671897888, 0.9986143112182617, 0.6913800239562988, 0.11847338080406189, 0.5604681968688965, 0.9989994168281555, 0.68547123670578, 0.11738350987434387, 0.5603942275047302, 0.9988009929656982, 0.7106760144233704, 0.12203210592269897, 0.5475080013275146, 0.9984240531921387, 0.7145050168037415, 0.12176364660263062, 0.5475790500640869, 0.9987247586250305, 0.7184861302375793, 0.1216198205947876, 0.5472075343132019, 0.9983295798301697, 0.6687541007995605, 0.12052419781684875, 0.3576195538043976, 0.9985987544059753, 0.716778576374054, 0.1255931258201599, 0.2923630177974701, 0.9977078437805176, 0.6937087178230286, 0.1458624303340912, 0.545299232006073, 0.9907882809638977, 0.7101987600326538, 0.1479867696762085, 0.525696337223053, 0.9881417155265808, 0.5811615586280823, 0.2061137706041336, 0.26652243733406067, 0.9986631870269775, 0.769690990447998, 0.19142331182956696, 0.08207135647535324, 0.9994997978210449, 0.44007861614227295, 0.27214765548706055, 0.20402871072292328, 0.9898384809494019, 0.8966022729873657, 0.21865230798721313, 0.05087845399975777, 0.9975169897079468, 0.29057344794273376, 0.31706684827804565, 0.14932438731193542, 0.9748477935791016, 1.0413436889648438, 0.22971414029598236, 0.18649780750274658, 0.9183961153030396, 0.24683624505996704, 0.32783445715904236, 0.13908854126930237, 0.9537410140037537, 1.0827357769012451, 0.2387200891971588, 0.18128380179405212, 0.825238823890686, 0.24298343062400818, 0.32379189133644104, 0.14090323448181152, 0.9506500363349915, 1.074671745300293, 0.22392508387565613, 0.22297756373882294, 0.814617931842804, 0.2597659230232239, 0.32390138506889343, 0.15318889915943146, 0.8986527323722839, 1.0552117824554443, 0.22238470613956451, 0.20807547867298126, 0.7624838352203369, 0.5909808278083801, 0.4619899392127991, 0.1222018152475357, 0.9990513920783997, 0.7148555517196655, 0.4697519838809967, -0.12338204681873322, 0.9993746876716614, 0.4546518325805664, 0.626052975654602, 0.1743537038564682, 0.9989997744560242, 0.9426509141921997, 0.5888309478759766, -0.01708124577999115, 0.999487042427063, 0.30518078804016113, 0.784388542175293, 0.26232290267944336, 0.9914458990097046, 0.9272843599319458, 0.8094742298126221, 0.08151023834943771, 0.9972763657569885, 0.2844094932079315, 0.813025951385498, 0.27807527780532837, 0.9919692873954773, 0.8976870179176331, 0.8461366891860962, 0.09963379800319672, 0.9945988655090332, 0.2923925518989563, 0.7965836524963379, 0.25602230429649353, 0.9058062434196472, 0.9964459538459778, 0.8460063934326172, 0.09547408670186996, 0.9658470749855042], 'Warrior_I_Pose_or_Virabhadrasana_I__images_1.jpg'), ([0.4594998359680176, 0.08192816376686096, -1.0255948305130005, 0.9999749660491943, 0.4574059844017029, 0.06444761157035828, -0.9930701851844788, 0.9999394416809082, 0.4602886140346527, 0.06509032845497131, -0.9931170344352722, 0.9999207258224487, 0.4631170630455017, 0.06581082940101624, -0.9935236573219299, 0.999934196472168, 0.4428660571575165, 0.06257903575897217, -1.0099636316299438, 0.9999313354492188, 0.4347779154777527, 0.06232792139053345, -1.0101226568222046, 0.9999067783355713, 0.4257768392562866, 0.0624961256980896, -1.0100957155227661, 0.9998760223388672, 0.45489948987960815, 0.07506167888641357, -0.729907751083374, 0.9999372959136963, 0.3993633985519409, 0.07378557324409485, -0.8108656406402588, 0.9998345375061035, 0.46156948804855347, 0.10122233629226685, -0.9221415519714355, 0.9999022483825684, 0.4447224736213684, 0.10004320740699768, -0.9455662965774536, 0.9998511075973511, 0.5099349617958069, 0.16239550709724426, -0.510398268699646, 0.9999418258666992, 0.3130454421043396, 0.1610415279865265, -0.5872942209243774, 0.9992331266403198, 0.6654090285301208, 0.16989874839782715, -0.48702695965766907, 0.9997215867042542, 0.16316932439804077, 0.18528762459754944, -0.589834988117218, 0.9913137555122375, 0.8205177783966064, 0.1942680925130844, -0.657356321811676, 0.9990522265434265, 0.03199130296707153, 0.22088855504989624, -0.7434782981872559, 0.9316591024398804, 0.864515483379364, 0.19448286294937134, -0.6939601302146912, 0.9954249262809753, 0.007410347927361727, 0.21913933753967285, -0.768730103969574, 0.854232907295227, 0.874046802520752, 0.19392237067222595, -0.7770310044288635, 0.9962947964668274, -0.0034416913986206055, 0.22343681752681732, -0.8576590418815613, 0.8660929203033447, 0.8566855192184448, 0.196229949593544, -0.6981498003005981, 0.9960986375808716, 0.013857424259185791, 0.22543805837631226, -0.7846531867980957, 0.865726888179779, 0.46527597308158875, 0.4371911287307739, 0.024394245818257332, 0.9994531273841858, 0.3217785954475403, 0.4279387295246124, -0.025089219212532043, 0.998863935470581, 0.6240910887718201, 0.601054847240448, -0.25153014063835144, 0.9933907985687256, 0.19797182083129883, 0.6414865255355835, -0.08760610967874527, 0.9915069937705994, 0.5969996452331543, 0.8407444953918457, 0.029002530500292778, 0.9935895204544067, 0.052299827337265015, 0.8401477336883545, 0.0900113433599472, 0.9968454241752625, 0.568440318107605, 0.8815740346908569, 0.04251176491379738, 0.979750394821167, 0.059627801179885864, 0.870917558670044, 0.09391629695892334, 0.9580612182617188, 0.7097523212432861, 0.8968584537506104, -0.19142338633537292, 0.9832378625869751, -0.009369343519210815, 0.9070289134979248, -0.16126534342765808, 0.9872130751609802], 'Warrior_I_Pose_or_Virabhadrasana_I__images_2.jpg'), ([0.45638740062713623, 0.09596782922744751, -0.9848678112030029, 0.9999589920043945, 0.45755237340927124, 0.08188968896865845, -0.9586455821990967, 0.9998738765716553, 0.4604896306991577, 0.08280670642852783, -0.9586023092269897, 0.9998583793640137, 0.4636296033859253, 0.08380827307701111, -0.9589740037918091, 0.9998670816421509, 0.4457772672176361, 0.07961905002593994, -0.9751137495040894, 0.9998987913131714, 0.44009068608283997, 0.07940685749053955, -0.9753275513648987, 0.9998880624771118, 0.4338148832321167, 0.07939386367797852, -0.9752861857414246, 0.9998528957366943, 0.45790594816207886, 0.0907355546951294, -0.7284699082374573, 0.9998794794082642, 0.41114285588264465, 0.0866129994392395, -0.8071554899215698, 0.9997978806495667, 0.4571553170681, 0.11494112014770508, -0.8929952383041382, 0.999744713306427, 0.4436371922492981, 0.11200112104415894, -0.9157878160476685, 0.9997069239616394, 0.5074688196182251, 0.17250296473503113, -0.5431244969367981, 0.9997820258140564, 0.3103773891925812, 0.16909530758857727, -0.602397084236145, 0.9995036125183105, 0.671958327293396, 0.17983144521713257, -0.5356321930885315, 0.9995156526565552, 0.15608805418014526, 0.19544634222984314, -0.5710791945457458, 0.9841156601905823, 0.821336567401886, 0.199426531791687, -0.7012137770652771, 0.9966689944267273, 0.022898107767105103, 0.2355296015739441, -0.6864551305770874, 0.8975162506103516, 0.8632696270942688, 0.20284503698349, -0.7400734424591064, 0.9837391376495361, 0.009512513875961304, 0.23164767026901245, -0.7070282101631165, 0.801184892654419, 0.8751124739646912, 0.2020794153213501, -0.8174889087677002, 0.9870920181274414, 0.009058564901351929, 0.23459583520889282, -0.7930185198783875, 0.8248807191848755, 0.8577539920806885, 0.20352301001548767, -0.7422383427619934, 0.9875661134719849, 0.005281031597405672, 0.23919886350631714, -0.7265232801437378, 0.8295825123786926, 0.46343615651130676, 0.43895941972732544, 0.01490775402635336, 0.9983709454536438, 0.31574010848999023, 0.4302247166633606, -0.015600822865962982, 0.9988075494766235, 0.620375394821167, 0.5865578055381775, -0.2531387209892273, 0.990263819694519, 0.1958082765340805, 0.6300389766693115, -0.09731919318437576, 0.9894155263900757, 0.600290834903717, 0.822728157043457, 0.062368251383304596, 0.9888916611671448, 0.04721662402153015, 0.8226214647293091, 0.11393651366233826, 0.996145486831665, 0.5720237493515015, 0.8599453568458557, 0.08051598072052002, 0.9692734479904175, 0.05388602614402771, 0.8547034859657288, 0.11988484114408493, 0.9555910229682922, 0.708800196647644, 0.8698045015335083, -0.14231790602207184, 0.976783275604248, -0.015527546405792236, 0.8793612718582153, -0.13501568138599396, 0.9849334359169006], 'Warrior_I_Pose_or_Virabhadrasana_I__images_3.jpg'), ([0.592041015625, 0.27359187602996826, 0.60019451379776, 0.9999942779541016, 0.5795671343803406, 0.2634328305721283, 0.6131338477134705, 0.9999969005584717, 0.5677502155303955, 0.26210975646972656, 0.6133044958114624, 0.999996542930603, 0.5646640658378601, 0.26230621337890625, 0.6132886409759521, 0.9999985694885254, 0.5853903889656067, 0.2623682916164398, 0.5583685040473938, 0.9999979734420776, 0.5852339863777161, 0.2621016800403595, 0.5585004091262817, 0.9999978542327881, 0.5848342776298523, 0.2618311047554016, 0.5583452582359314, 0.9999984502792358, 0.5465211868286133, 0.27111467719078064, 0.6247811913490295, 0.9999982118606567, 0.5690737366676331, 0.2686842978000641, 0.3765023648738861, 0.9999972581863403, 0.5860788822174072, 0.28631967306137085, 0.6105614900588989, 0.999967098236084, 0.5900670289993286, 0.285831481218338, 0.5376484990119934, 0.9999426603317261, 0.5150542259216309, 0.3425733745098114, 0.6820958852767944, 0.9997264742851257, 0.5817829370498657, 0.3015674650669098, 0.17750295996665955, 0.9999181032180786, 0.5560840368270874, 0.29662880301475525, 1.0156503915786743, 0.03463232144713402, 0.6371452808380127, 0.19476234912872314, 0.21526044607162476, 0.9643360376358032, 0.5570603013038635, 0.18109968304634094, 1.3139584064483643, 0.18015164136886597, 0.614112913608551, 0.08987098932266235, 0.574528157711029, 0.9373877644538879, 0.5557273626327515, 0.1556028127670288, 1.3677754402160645, 0.2627052664756775, 0.6047896146774292, 0.061463773250579834, 0.6015051603317261, 0.9605189561843872, 0.5479950308799744, 0.1501787006855011, 1.372100830078125, 0.25336310267448425, 0.5901503562927246, 0.06920063495635986, 0.5982717871665955, 0.9437298774719238, 0.5496569871902466, 0.1608455777168274, 1.3200477361679077, 0.2562252879142761, 0.5922786593437195, 0.08183598518371582, 0.5888845324516296, 0.9057459831237793, 0.5465816259384155, 0.5694411993026733, 0.137869194149971, 0.9999910593032837, 0.6352169513702393, 0.5617249608039856, -0.13821081817150116, 0.9999916553497314, 0.4107655882835388, 0.7185254096984863, 0.011204873211681843, 0.9987958669662476, 0.8469866514205933, 0.6765017509460449, -0.08172000199556351, 0.9981368780136108, 0.26659905910491943, 0.8647475242614746, -0.13689859211444855, 0.9946045279502869, 0.8387521505355835, 0.8853724002838135, -0.07441554218530655, 0.9939979314804077, 0.25627467036247253, 0.8903781771659851, -0.14615464210510254, 0.9930045008659363, 0.814608097076416, 0.9183357357978821, -0.07090236246585846, 0.9911218881607056, 0.23811650276184082, 0.9075429439544678, -0.18461355566978455, 0.9905581474304199, 0.9289500713348389, 0.9186952710151672, -0.10600482672452927, 0.9852044582366943], 'Warrior_I_Pose_or_Virabhadrasana_I__images_4.jpg')]
INFO - Total keypoints extracted: 23
INFO - Keypoint extraction completed.
INFO - ----------------------------------------------------------------------------------------------------
